Flow report for sonar
Sun Oct 09 22:14:23 2022
Quartus Prime Version 16.1.0 Build 196 10/24/2016 SJ Lite Edition


---------------------
; Table of Contents ;
---------------------
  1. Legal Notice
  2. Flow Summary
  3. Flow Settings
  4. Flow Non-Default Global Settings
  5. Flow Elapsed Time
  6. Flow OS Summary
  7. Flow Log
  8. Flow Messages
  9. Flow Suppressed Messages



----------------
; Legal Notice ;
----------------
Copyright (C) 2016  Intel Corporation. All rights reserved.
Your use of Intel Corporation's design tools, logic functions 
and other software and tools, and its AMPP partner logic 
functions, and any output files from any of the foregoing 
(including device programming or simulation files), and any 
associated documentation or information are expressly subject 
to the terms and conditions of the Intel Program License 
Subscription Agreement, the Intel Quartus Prime License Agreement,
the Intel MegaCore Function License Agreement, or other 
applicable license agreement, including, without limitation, 
that your use is for the sole purpose of programming logic 
devices manufactured by Intel and sold by Intel or its 
authorized distributors.  Please refer to the applicable 
agreement for further details.



+-------------------------------------------------------------------------------+
; Flow Summary                                                                  ;
+---------------------------------+---------------------------------------------+
; Flow Status                     ; Successful - Sun Oct 09 22:14:23 2022       ;
; Quartus Prime Version           ; 16.1.0 Build 196 10/24/2016 SJ Lite Edition ;
; Revision Name                   ; sonar                                       ;
; Top-level Entity Name           ; exp6_desafio                                ;
; Family                          ; Cyclone V                                   ;
; Device                          ; 5CEBA4F23C7                                 ;
; Timing Models                   ; Final                                       ;
; Logic utilization (in ALMs)     ; 185 / 18,480 ( 1 % )                        ;
; Total registers                 ; 258                                         ;
; Total pins                      ; 40 / 224 ( 18 % )                           ;
; Total virtual pins              ; 0                                           ;
; Total block memory bits         ; 0 / 3,153,920 ( 0 % )                       ;
; Total DSP Blocks                ; 0 / 66 ( 0 % )                              ;
; Total HSSI RX PCSs              ; 0                                           ;
; Total HSSI PMA RX Deserializers ; 0                                           ;
; Total HSSI TX PCSs              ; 0                                           ;
; Total HSSI PMA TX Serializers   ; 0                                           ;
; Total PLLs                      ; 0 / 4 ( 0 % )                               ;
; Total DLLs                      ; 0 / 4 ( 0 % )                               ;
+---------------------------------+---------------------------------------------+


+-----------------------------------------+
; Flow Settings                           ;
+-------------------+---------------------+
; Option            ; Setting             ;
+-------------------+---------------------+
; Start date & time ; 10/09/2022 22:10:45 ;
; Main task         ; Compilation         ;
; Revision Name     ; sonar               ;
+-------------------+---------------------+


+------------------------------------------------------------------------------------------------------------------------------+
; Flow Non-Default Global Settings                                                                                             ;
+-------------------------------------+----------------------------------------+---------------+--------------+----------------+
; Assignment Name                     ; Value                                  ; Default Value ; Entity Name  ; Section Id     ;
+-------------------------------------+----------------------------------------+---------------+--------------+----------------+
; COMPILER_SIGNATURE_ID               ; 255750535805175.166536424404772        ; --            ; --           ; --             ;
; EDA_OUTPUT_DATA_FORMAT              ; Vhdl                                   ; --            ; --           ; eda_simulation ;
; EDA_SIMULATION_TOOL                 ; ModelSim-Altera (VHDL)                 ; <None>        ; --           ; --             ;
; EDA_TIME_SCALE                      ; 1 ps                                   ; --            ; --           ; eda_simulation ;
; MAX_CORE_JUNCTION_TEMP              ; 85                                     ; --            ; --           ; --             ;
; MIN_CORE_JUNCTION_TEMP              ; 0                                      ; --            ; --           ; --             ;
; PARTITION_COLOR                     ; -- (Not supported for targeted family) ; --            ; exp6_desafio ; Top            ;
; PARTITION_FITTER_PRESERVATION_LEVEL ; -- (Not supported for targeted family) ; --            ; exp6_desafio ; Top            ;
; PARTITION_NETLIST_TYPE              ; -- (Not supported for targeted family) ; --            ; exp6_desafio ; Top            ;
; POWER_BOARD_THERMAL_MODEL           ; None (CONSERVATIVE)                    ; --            ; --           ; --             ;
; POWER_PRESET_COOLING_SOLUTION       ; 23 MM HEAT SINK WITH 200 LFPM AIRFLOW  ; --            ; --           ; --             ;
; PROJECT_OUTPUT_DIRECTORY            ; output_files                           ; --            ; --           ; --             ;
; TOP_LEVEL_ENTITY                    ; exp6_desafio                           ; sonar         ; --           ; --             ;
+-------------------------------------+----------------------------------------+---------------+--------------+----------------+


+-------------------------------------------------------------------------------------------------------------------------------+
; Flow Elapsed Time                                                                                                             ;
+---------------------------+--------------+-------------------------+---------------------+------------------------------------+
; Module Name               ; Elapsed Time ; Average Processors Used ; Peak Virtual Memory ; Total CPU Time (on all processors) ;
+---------------------------+--------------+-------------------------+---------------------+------------------------------------+
; Analysis & Synthesis      ; 00:00:53     ; 1.0                     ; 4853 MB             ; 00:01:27                           ;
; Fitter                    ; 00:01:52     ; 1.0                     ; 5904 MB             ; 00:02:10                           ;
; Assembler                 ; 00:00:15     ; 1.0                     ; 4801 MB             ; 00:00:11                           ;
; TimeQuest Timing Analyzer ; 00:00:21     ; 1.1                     ; 5030 MB             ; 00:00:20                           ;
; EDA Netlist Writer        ; 00:00:04     ; 1.0                     ; 4703 MB             ; 00:00:04                           ;
; Total                     ; 00:03:25     ; --                      ; --                  ; 00:04:12                           ;
+---------------------------+--------------+-------------------------+---------------------+------------------------------------+


+-----------------------------------------------------------------------------------------+
; Flow OS Summary                                                                         ;
+---------------------------+------------------+------------+------------+----------------+
; Module Name               ; Machine Hostname ; OS Name    ; OS Version ; Processor type ;
+---------------------------+------------------+------------+------------+----------------+
; Analysis & Synthesis      ; SantiNote        ; Windows 10 ; 10.0       ; x86_64         ;
; Fitter                    ; SantiNote        ; Windows 10 ; 10.0       ; x86_64         ;
; Assembler                 ; SantiNote        ; Windows 10 ; 10.0       ; x86_64         ;
; TimeQuest Timing Analyzer ; SantiNote        ; Windows 10 ; 10.0       ; x86_64         ;
; EDA Netlist Writer        ; SantiNote        ; Windows 10 ; 10.0       ; x86_64         ;
+---------------------------+------------------+------------+------------+----------------+


------------
; Flow Log ;
------------
quartus_map --read_settings_files=on --write_settings_files=off sonar -c sonar
quartus_fit --read_settings_files=off --write_settings_files=off sonar -c sonar
quartus_asm --read_settings_files=off --write_settings_files=off sonar -c sonar
quartus_sta sonar -c sonar
quartus_eda --read_settings_files=off --write_settings_files=off sonar -c sonar



